TN:
SF:src/app/app.component.ts
FNF:0
FNH:0
DA:10,1
LF:1
LH:1
BRF:0
BRH:0
end_of_record
TN:
SF:src/app/app.routes.ts
FNF:0
FNH:0
DA:6,1
LF:1
LH:1
BRF:0
BRH:0
end_of_record
TN:
SF:src/app/auth/login/login.component.ts
FN:163,(anonymous_0)
FN:175,(anonymous_1)
FN:188,(anonymous_2)
FN:193,(anonymous_3)
FNF:4
FNH:4
FNDA:4,(anonymous_0)
FNDA:4,(anonymous_1)
FNDA:2,(anonymous_2)
FNDA:1,(anonymous_3)
DA:158,1
DA:159,4
DA:160,4
DA:164,4
DA:165,4
DA:166,4
DA:167,4
DA:169,4
DA:176,4
DA:177,1
DA:178,1
DA:181,3
DA:182,3
DA:183,3
DA:184,3
DA:189,2
DA:190,2
DA:191,2
DA:194,1
DA:195,1
LF:20
LH:20
BRDA:176,0,0,1
BRDA:185,1,0,3
BRDA:185,1,1,0
BRDA:186,2,0,3
BRDA:186,2,1,0
BRF:5
BRH:3
end_of_record
TN:
SF:src/app/auth/profile/profile.component.ts
FN:176,(anonymous_0)
FN:182,(anonymous_1)
FN:186,(anonymous_2)
FN:191,(anonymous_3)
FN:195,(anonymous_4)
FN:200,(anonymous_5)
FN:206,(anonymous_6)
FNF:7
FNH:7
FNDA:4,(anonymous_0)
FNDA:1,(anonymous_1)
FNDA:2,(anonymous_2)
FNDA:1,(anonymous_3)
FNDA:1,(anonymous_4)
FNDA:1,(anonymous_5)
FNDA:1,(anonymous_6)
DA:172,1
DA:173,4
DA:174,4
DA:177,4
DA:178,4
DA:179,4
DA:183,1
DA:187,2
DA:188,2
DA:190,2
DA:192,1
DA:193,1
DA:196,1
DA:197,1
DA:198,1
DA:201,1
DA:207,1
LF:17
LH:17
BRF:0
BRH:0
end_of_record
TN:
SF:src/app/core/guards/auth-session.guard.ts
FN:5,(anonymous_0)
FNF:1
FNH:1
FNDA:2,(anonymous_0)
DA:5,1
DA:6,2
DA:7,2
DA:9,2
DA:10,1
DA:13,1
LF:6
LH:6
BRDA:9,0,0,1
BRF:1
BRH:1
end_of_record
TN:
SF:src/app/core/services/auth-api.service.ts
FN:28,(anonymous_0)
FN:30,(anonymous_1)
FN:34,(anonymous_2)
FNF:3
FNH:3
FNDA:2,(anonymous_0)
FNDA:1,(anonymous_1)
FNDA:1,(anonymous_2)
DA:27,1
DA:28,2
DA:31,1
DA:35,1
LF:4
LH:4
BRF:0
BRH:0
end_of_record
TN:
SF:src/app/core/services/auth-session.service.ts
FN:24,(anonymous_0)
FN:29,(anonymous_1)
FN:43,(anonymous_2)
FN:47,(anonymous_3)
FN:56,(anonymous_4)
FNF:5
FNH:5
FNDA:4,(anonymous_0)
FNDA:9,(anonymous_1)
FNDA:2,(anonymous_2)
FNDA:3,(anonymous_3)
FNDA:2,(anonymous_4)
DA:21,1
DA:22,5
DA:25,4
DA:26,4
DA:30,9
DA:31,9
DA:32,4
DA:35,5
DA:36,5
DA:38,1
DA:39,1
DA:44,2
DA:48,3
DA:49,3
DA:50,1
DA:53,2
DA:57,2
LF:17
LH:17
BRDA:31,0,0,4
BRDA:44,1,0,2
BRDA:44,1,1,1
BRDA:49,2,0,1
BRF:4
BRH:4
end_of_record
